<html>
<head>
<title>TestNG:  Default test</title>
<link href="../testng.css" rel="stylesheet" type="text/css" />
<link href="../my-testng.css" rel="stylesheet" type="text/css" />

<style type="text/css">
.log { display: none;} 
.stack-trace { display: none;} 
</style>
<script type="text/javascript">
<!--
function flip(e) {
  current = e.style.display;
  if (current == 'block') {
    e.style.display = 'none';
    return 0;
  }
  else {
    e.style.display = 'block';
    return 1;
  }
}

function toggleBox(szDivId, elem, msg1, msg2)
{
  var res = -1;  if (document.getElementById) {
    res = flip(document.getElementById(szDivId));
  }
  else if (document.all) {
    // this is the way old msie versions work
    res = flip(document.all[szDivId]);
  }
  if(elem) {
    if(res == 0) elem.innerHTML = msg1; else elem.innerHTML = msg2;
  }

}

function toggleAllBoxes() {
  if (document.getElementsByTagName) {
    d = document.getElementsByTagName('div');
    for (i = 0; i < d.length; i++) {
      if (d[i].className == 'log') {
        flip(d[i]);
      }
    }
  }
}

// -->
</script>

</head>
<body>
<h2 align='center'>Default test</h2><table border='1' align="center">
<tr>
<td>Tests passed/Failed/Skipped:</td><td>9/5/0</td>
</tr><tr>
<td>Started on:</td><td>Fri May 19 09:47:17 IST 2023</td>
</tr>
<tr><td>Total time:</td><td>3 seconds (3565 ms)</td>
</tr><tr>
<td>Included groups:</td><td></td>
</tr><tr>
<td>Excluded groups:</td><td></td>
</tr>
</table><p/>
<small><i>(Hover the method name to see the test class name)</i></small><p/>
<table width='100%' border='1' class='invocation-failed'>
<tr><td colspan='4' align='center'><b>FAILED TESTS</b></td></tr>
<tr><td><b>Test method</b></td>
<td width="30%"><b>Exception</b></td>
<td width="10%"><b>Time (seconds)</b></td>
<td><b>Instance</b></td>
</tr>
<tr>
<td title='testRunner.TestRunner.runScenario()'><b>runScenario</b><br>Test class: testRunner.TestRunner<br>Test method: Runs Cucumber Scenarios<br>Parameters: "Login into yahoo with valid credentials1", "Login into yahoo"</td>
<td><div><pre>java.lang.AssertionError: expected [12] but found [10]
	at org.testng.Assert.fail(Assert.java:96)
	at org.testng.Assert.failNotEquals(Assert.java:776)
	at org.testng.Assert.assertEqualsImpl(Assert.java:137)
	at org.testng.Assert.assertEquals(Assert.java:118)
	at org.testng.Assert.assertEquals(Assert.java:652)
	at org.testng.Assert.assertEquals(Assert.java:662)
	at stepDefinations.Loginsteps.user_enter_valid_username_as_and_password_as(Loginsteps.java:49)
	at ?.user enter valid username as Name1 and password as password1(file:///C:/SeleniumWorkSpaces/May2023_APITestingWithRESTFulForSynechron/Cucumber_APITesting/src/test/java/features/LoginParam.feature:7)
</pre></div><a href='#' onClick='toggleBox("stack-trace1424482154", this, "Click to show all stack frames", "Click to hide stack frames")'>Click to show all stack frames</a>
<div class='stack-trace' id='stack-trace1424482154'><pre>java.lang.AssertionError: expected [12] but found [10]
	at org.testng.Assert.fail(Assert.java:96)
	at org.testng.Assert.failNotEquals(Assert.java:776)
	at org.testng.Assert.assertEqualsImpl(Assert.java:137)
	at org.testng.Assert.assertEquals(Assert.java:118)
	at org.testng.Assert.assertEquals(Assert.java:652)
	at org.testng.Assert.assertEquals(Assert.java:662)
	at stepDefinations.Loginsteps.user_enter_valid_username_as_and_password_as(Loginsteps.java:49)
	at ?.user enter valid username as Name1 and password as password1(file:///C:/SeleniumWorkSpaces/May2023_APITestingWithRESTFulForSynechron/Cucumber_APITesting/src/test/java/features/LoginParam.feature:7)
</pre></div></td>
<td>0</td>
<td>testRunner.TestRunner@71318ec4</td></tr>
<tr>
<td title='testRunner.TestRunner.runScenario()'><b>runScenario</b><br>Test class: testRunner.TestRunner<br>Test method: Runs Cucumber Scenarios<br>Parameters: "Login into yahoo with valid credentials1", "Login into yahoo"</td>
<td><div><pre>java.lang.AssertionError: expected [12] but found [10]
	at org.testng.Assert.fail(Assert.java:96)
	at org.testng.Assert.failNotEquals(Assert.java:776)
	at org.testng.Assert.assertEqualsImpl(Assert.java:137)
	at org.testng.Assert.assertEquals(Assert.java:118)
	at org.testng.Assert.assertEquals(Assert.java:652)
	at org.testng.Assert.assertEquals(Assert.java:662)
	at stepDefinations.Loginsteps.user_enter_valid_username_as_and_password_as(Loginsteps.java:49)
	at ?.user enter valid username as Name2 and password as password2(file:///C:/SeleniumWorkSpaces/May2023_APITestingWithRESTFulForSynechron/Cucumber_APITesting/src/test/java/features/LoginParam.feature:7)
</pre></div><a href='#' onClick='toggleBox("stack-trace1997702454", this, "Click to show all stack frames", "Click to hide stack frames")'>Click to show all stack frames</a>
<div class='stack-trace' id='stack-trace1997702454'><pre>java.lang.AssertionError: expected [12] but found [10]
	at org.testng.Assert.fail(Assert.java:96)
	at org.testng.Assert.failNotEquals(Assert.java:776)
	at org.testng.Assert.assertEqualsImpl(Assert.java:137)
	at org.testng.Assert.assertEquals(Assert.java:118)
	at org.testng.Assert.assertEquals(Assert.java:652)
	at org.testng.Assert.assertEquals(Assert.java:662)
	at stepDefinations.Loginsteps.user_enter_valid_username_as_and_password_as(Loginsteps.java:49)
	at ?.user enter valid username as Name2 and password as password2(file:///C:/SeleniumWorkSpaces/May2023_APITestingWithRESTFulForSynechron/Cucumber_APITesting/src/test/java/features/LoginParam.feature:7)
</pre></div></td>
<td>0</td>
<td>testRunner.TestRunner@71318ec4</td></tr>
<tr>
<td title='testRunner.TestRunner.runScenario()'><b>runScenario</b><br>Test class: testRunner.TestRunner<br>Test method: Runs Cucumber Scenarios<br>Parameters: "Login into yahoo with valid credentials1", "Login into yahoo"</td>
<td><div><pre>java.lang.AssertionError: expected [12] but found [10]
	at org.testng.Assert.fail(Assert.java:96)
	at org.testng.Assert.failNotEquals(Assert.java:776)
	at org.testng.Assert.assertEqualsImpl(Assert.java:137)
	at org.testng.Assert.assertEquals(Assert.java:118)
	at org.testng.Assert.assertEquals(Assert.java:652)
	at org.testng.Assert.assertEquals(Assert.java:662)
	at stepDefinations.Loginsteps.user_enter_valid_username_as_and_password_as(Loginsteps.java:49)
	at ?.user enter valid username as Name3 and password as password3(file:///C:/SeleniumWorkSpaces/May2023_APITestingWithRESTFulForSynechron/Cucumber_APITesting/src/test/java/features/LoginParam.feature:7)
</pre></div><a href='#' onClick='toggleBox("stack-trace851765426", this, "Click to show all stack frames", "Click to hide stack frames")'>Click to show all stack frames</a>
<div class='stack-trace' id='stack-trace851765426'><pre>java.lang.AssertionError: expected [12] but found [10]
	at org.testng.Assert.fail(Assert.java:96)
	at org.testng.Assert.failNotEquals(Assert.java:776)
	at org.testng.Assert.assertEqualsImpl(Assert.java:137)
	at org.testng.Assert.assertEquals(Assert.java:118)
	at org.testng.Assert.assertEquals(Assert.java:652)
	at org.testng.Assert.assertEquals(Assert.java:662)
	at stepDefinations.Loginsteps.user_enter_valid_username_as_and_password_as(Loginsteps.java:49)
	at ?.user enter valid username as Name3 and password as password3(file:///C:/SeleniumWorkSpaces/May2023_APITestingWithRESTFulForSynechron/Cucumber_APITesting/src/test/java/features/LoginParam.feature:7)
</pre></div></td>
<td>0</td>
<td>testRunner.TestRunner@71318ec4</td></tr>
<tr>
<td title='testRunner.TestRunner.runScenario()'><b>runScenario</b><br>Test class: testRunner.TestRunner<br>Test method: Runs Cucumber Scenarios<br>Parameters: "Login into yahoo with valid credentials1", "Login into yahoo"</td>
<td><div><pre>java.lang.AssertionError: expected [12] but found [10]
	at org.testng.Assert.fail(Assert.java:96)
	at org.testng.Assert.failNotEquals(Assert.java:776)
	at org.testng.Assert.assertEqualsImpl(Assert.java:137)
	at org.testng.Assert.assertEquals(Assert.java:118)
	at org.testng.Assert.assertEquals(Assert.java:652)
	at org.testng.Assert.assertEquals(Assert.java:662)
	at stepDefinations.Loginsteps.user_enter_valid_username_as_and_password_as(Loginsteps.java:49)
	at ?.user enter valid username as Name4 and password as password4(file:///C:/SeleniumWorkSpaces/May2023_APITestingWithRESTFulForSynechron/Cucumber_APITesting/src/test/java/features/LoginParam.feature:7)
</pre></div><a href='#' onClick='toggleBox("stack-trace124058278", this, "Click to show all stack frames", "Click to hide stack frames")'>Click to show all stack frames</a>
<div class='stack-trace' id='stack-trace124058278'><pre>java.lang.AssertionError: expected [12] but found [10]
	at org.testng.Assert.fail(Assert.java:96)
	at org.testng.Assert.failNotEquals(Assert.java:776)
	at org.testng.Assert.assertEqualsImpl(Assert.java:137)
	at org.testng.Assert.assertEquals(Assert.java:118)
	at org.testng.Assert.assertEquals(Assert.java:652)
	at org.testng.Assert.assertEquals(Assert.java:662)
	at stepDefinations.Loginsteps.user_enter_valid_username_as_and_password_as(Loginsteps.java:49)
	at ?.user enter valid username as Name4 and password as password4(file:///C:/SeleniumWorkSpaces/May2023_APITestingWithRESTFulForSynechron/Cucumber_APITesting/src/test/java/features/LoginParam.feature:7)
</pre></div></td>
<td>0</td>
<td>testRunner.TestRunner@71318ec4</td></tr>
<tr>
<td title='testRunner.TestRunner.runScenario()'><b>runScenario</b><br>Test class: testRunner.TestRunner<br>Test method: Runs Cucumber Scenarios<br>Parameters: "Login into yahoo with valid credentials1", "Login into yahoo"</td>
<td><div><pre>java.lang.AssertionError: expected [12] but found [10]
	at org.testng.Assert.fail(Assert.java:96)
	at org.testng.Assert.failNotEquals(Assert.java:776)
	at org.testng.Assert.assertEqualsImpl(Assert.java:137)
	at org.testng.Assert.assertEquals(Assert.java:118)
	at org.testng.Assert.assertEquals(Assert.java:652)
	at org.testng.Assert.assertEquals(Assert.java:662)
	at stepDefinations.Loginsteps.user_enter_valid_username_as_and_password_as(Loginsteps.java:49)
	at ?.user enter valid username as Name5 and password as password5(file:///C:/SeleniumWorkSpaces/May2023_APITestingWithRESTFulForSynechron/Cucumber_APITesting/src/test/java/features/LoginParam.feature:7)
</pre></div><a href='#' onClick='toggleBox("stack-trace1502335674", this, "Click to show all stack frames", "Click to hide stack frames")'>Click to show all stack frames</a>
<div class='stack-trace' id='stack-trace1502335674'><pre>java.lang.AssertionError: expected [12] but found [10]
	at org.testng.Assert.fail(Assert.java:96)
	at org.testng.Assert.failNotEquals(Assert.java:776)
	at org.testng.Assert.assertEqualsImpl(Assert.java:137)
	at org.testng.Assert.assertEquals(Assert.java:118)
	at org.testng.Assert.assertEquals(Assert.java:652)
	at org.testng.Assert.assertEquals(Assert.java:662)
	at stepDefinations.Loginsteps.user_enter_valid_username_as_and_password_as(Loginsteps.java:49)
	at ?.user enter valid username as Name5 and password as password5(file:///C:/SeleniumWorkSpaces/May2023_APITestingWithRESTFulForSynechron/Cucumber_APITesting/src/test/java/features/LoginParam.feature:7)
</pre></div></td>
<td>0</td>
<td>testRunner.TestRunner@71318ec4</td></tr>
</table><p>
<table width='100%' border='1' class='invocation-passed'>
<tr><td colspan='4' align='center'><b>PASSED TESTS</b></td></tr>
<tr><td><b>Test method</b></td>
<td width="30%"><b>Exception</b></td>
<td width="10%"><b>Time (seconds)</b></td>
<td><b>Instance</b></td>
</tr>
<tr>
<td title='testRunner.TestRunner.runScenario()'><b>runScenario</b><br>Test class: testRunner.TestRunner<br>Test method: Runs Cucumber Scenarios<br>Parameters: "Login into gmail with valid credentials", "Login into Gmail"</td>
<td></td>
<td>0</td>
<td>testRunner.TestRunner@71318ec4</td></tr>
<tr>
<td title='testRunner.TestRunner.runScenario()'><b>runScenario</b><br>Test class: testRunner.TestRunner<br>Test method: Runs Cucumber Scenarios<br>Parameters: "Login into gmail with valid credentials", "Login into Gmail"</td>
<td></td>
<td>0</td>
<td>testRunner.TestRunner@71318ec4</td></tr>
<tr>
<td title='testRunner.TestRunner.runScenario()'><b>runScenario</b><br>Test class: testRunner.TestRunner<br>Test method: Runs Cucumber Scenarios<br>Parameters: "Login into yahoo with valid credentials1", "Login into yahoo"</td>
<td></td>
<td>0</td>
<td>testRunner.TestRunner@71318ec4</td></tr>
<tr>
<td title='testRunner.TestRunner.runScenario()'><b>runScenario</b><br>Test class: testRunner.TestRunner<br>Test method: Runs Cucumber Scenarios<br>Parameters: "Login into yahoo with valid credentials1", "Login into yahoo"</td>
<td></td>
<td>0</td>
<td>testRunner.TestRunner@71318ec4</td></tr>
<tr>
<td title='testRunner.TestRunner.runScenario()'><b>runScenario</b><br>Test class: testRunner.TestRunner<br>Test method: Runs Cucumber Scenarios<br>Parameters: "Login into yahoo with valid credentials1", "Login into yahoo"</td>
<td></td>
<td>0</td>
<td>testRunner.TestRunner@71318ec4</td></tr>
<tr>
<td title='testRunner.TestRunner.runScenario()'><b>runScenario</b><br>Test class: testRunner.TestRunner<br>Test method: Runs Cucumber Scenarios<br>Parameters: "Login into yahoo with valid credentials1", "Login into yahoo"</td>
<td></td>
<td>0</td>
<td>testRunner.TestRunner@71318ec4</td></tr>
<tr>
<td title='testRunner.TestRunner.runScenario()'><b>runScenario</b><br>Test class: testRunner.TestRunner<br>Test method: Runs Cucumber Scenarios<br>Parameters: "Login into yahoo with valid credentials1", "Login into yahoo"</td>
<td></td>
<td>0</td>
<td>testRunner.TestRunner@71318ec4</td></tr>
<tr>
<td title='testRunner.TestRunner.runScenario()'><b>runScenario</b><br>Test class: testRunner.TestRunner<br>Test method: Runs Cucumber Scenarios<br>Parameters: "Login into yahoo with valid credentials1", "Login into yahoo"</td>
<td></td>
<td>0</td>
<td>testRunner.TestRunner@71318ec4</td></tr>
<tr>
<td title='testRunner.TestRunner.runScenario()'><b>runScenario</b><br>Test class: testRunner.TestRunner<br>Test method: Runs Cucumber Scenarios<br>Parameters: "Create an account in timesjobs portal", "Create an account"</td>
<td></td>
<td>0</td>
<td>testRunner.TestRunner@71318ec4</td></tr>
</table><p>
</body>
</html>