<?xml version="1.0" encoding="UTF-8"?>
<testng-results skipped="0" failed="1" ignored="0" total="1" passed="0">
  <reporter-output>
  </reporter-output>
  <suite name="Default suite" duration-ms="2162" started-at="2023-05-19T07:02:44Z" finished-at="2023-05-19T07:02:46Z">
    <groups>
      <group name="cucumber">
        <method signature="AbstractTestNGCucumberTests.runScenario(io.cucumber.testng.PickleWrapper, io.cucumber.testng.FeatureWrapper)[pri:0, instance:testRunner.TestRunner@71318ec4]" name="runScenario" class="io.cucumber.testng.AbstractTestNGCucumberTests"/>
      </group> <!-- cucumber -->
    </groups>
    <test name="Default test" duration-ms="2162" started-at="2023-05-19T07:02:44Z" finished-at="2023-05-19T07:02:46Z">
      <class name="testRunner.TestRunner">
        <test-method status="PASS" signature="setUpClass(org.testng.ITestContext)[pri:0, instance:testRunner.TestRunner@71318ec4]" name="setUpClass" is-config="true" duration-ms="215" started-at="2023-05-19T07:02:44Z" finished-at="2023-05-19T07:02:44Z">
          <params>
            <param index="0">
              <value>
                <![CDATA[org.testng.TestRunner@20749d9]]>
              </value>
            </param>
          </params>
          <reporter-output>
          </reporter-output>
        </test-method> <!-- setUpClass -->
        <test-method status="FAIL" signature="runScenario(io.cucumber.testng.PickleWrapper, io.cucumber.testng.FeatureWrapper)[pri:0, instance:testRunner.TestRunner@71318ec4]" name="runScenario" duration-ms="1932" started-at="2023-05-19T07:02:44Z" description="Runs Cucumber Scenarios" data-provider="scenarios" finished-at="2023-05-19T07:02:46Z">
          <params>
            <param index="0">
              <value>
                <![CDATA["verify if place is being successfully added using AddplaceAPI"]]>
              </value>
            </param>
            <param index="1">
              <value>
                <![CDATA["validate GoogleMap API"]]>
              </value>
            </param>
          </params>
          <exception class="java.lang.AssertionError">
            <message>
              <![CDATA[expected [OK1] but found [OK]]]>
            </message>
            <full-stacktrace>
              <![CDATA[java.lang.AssertionError: expected [OK1] but found [OK]
at org.testng.Assert.fail(Assert.java:96)
at org.testng.Assert.failNotEquals(Assert.java:776)
at org.testng.Assert.assertEqualsImpl(Assert.java:137)
at org.testng.Assert.assertEquals(Assert.java:118)
at org.testng.Assert.assertEquals(Assert.java:453)
at org.testng.Assert.assertEquals(Assert.java:463)
at stepDefinations.StepDefinations.something_in_response_body_is_something(StepDefinations.java:45)
at âœ½."status" in response body is "OK1"(file:///C:/SeleniumWorkSpaces/May2023_APITestingWithRESTFulForSynechron/Cucumber_GoogleMapAPI/src/test/java/features/GoogleMap.feature:8)
]]>
            </full-stacktrace>
          </exception> <!-- java.lang.AssertionError -->
          <reporter-output>
          </reporter-output>
        </test-method> <!-- runScenario -->
        <test-method status="PASS" signature="tearDownClass()[pri:0, instance:testRunner.TestRunner@71318ec4]" name="tearDownClass" is-config="true" duration-ms="2" started-at="2023-05-19T07:02:46Z" finished-at="2023-05-19T07:02:46Z">
          <reporter-output>
          </reporter-output>
        </test-method> <!-- tearDownClass -->
      </class> <!-- testRunner.TestRunner -->
    </test> <!-- Default test -->
  </suite> <!-- Default suite -->
</testng-results>
