<?xml version="1.0" encoding="UTF-8"?>
<!-- Generated by org.testng.reporters.JUnitXMLReporter -->
<testsuite hostname="DESKTOP-U3TR6TQ" ignored="0" name="Default test" tests="1" failures="1" timestamp="19 May 2023 07:02:46 GMT" time="2.162" errors="0">
  <testcase name="runScenario" time="1.932" classname="io.cucumber.testng.AbstractTestNGCucumberTests">
    <failure type="java.lang.AssertionError" message="expected [OK1] but found [OK]">
      <![CDATA[java.lang.AssertionError: expected [OK1] but found [OK]
at org.testng.Assert.fail(Assert.java:96)
at org.testng.Assert.failNotEquals(Assert.java:776)
at org.testng.Assert.assertEqualsImpl(Assert.java:137)
at org.testng.Assert.assertEquals(Assert.java:118)
at org.testng.Assert.assertEquals(Assert.java:453)
at org.testng.Assert.assertEquals(Assert.java:463)
at stepDefinations.StepDefinations.something_in_response_body_is_something(StepDefinations.java:45)
at âœ½."status" in response body is "OK1"(file:///C:/SeleniumWorkSpaces/May2023_APITestingWithRESTFulForSynechron/Cucumber_GoogleMapAPI/src/test/java/features/GoogleMap.feature:8)
]]>
    </failure>
  </testcase> <!-- runScenario -->
</testsuite> <!-- Default test -->
